#
# A fatal error has been detected by the Java Runtime Environment:
#
#  Internal Error (classFileParser.cpp:3174), pid=8995, tid=140277077116672
#  Error: ShouldNotReachHere()
#
# JRE version: 6.0_18-b18
# Java VM: OpenJDK 64-Bit Server VM (16.0-b13 mixed mode linux-amd64 )
# Derivative: IcedTea6 1.8.2
# Distribution: Ubuntu 10.04.1 LTS, package 6b18-1.8.2-4ubuntu2
# If you would like to submit a bug report, please include
# instructions how to reproduce the bug and visit:
#   https://bugs.launchpad.net/ubuntu/+source/openjdk-6/
#

---------------  T H R E A D  ---------------

Current thread (0x0000000001ea7000):  JavaThread "Unknown thread" [_thread_in_vm, id=8996, stack(0x00007f94cd4a0000,0x00007f94cd5a1000)]

Stack: [0x00007f94cd4a0000,0x00007f94cd5a1000],  sp=0x00007f94cd59ecf0,  free space=3fb0000000000000030k
Native frames: (J=compiled Java code, j=interpreted, Vv=VM code, C=native code)
V  [libjvm.so+0x6c140f]
V  [libjvm.so+0x6c1636]
V  [libjvm.so+0x2f4e53]
V  [libjvm.so+0x28bdb3]
V  [libjvm.so+0x28eb6d]
V  [libjvm.so+0x658fb8]
V  [libjvm.so+0x65998f]
V  [libjvm.so+0x65ad53]
V  [libjvm.so+0x65b985]
V  [libjvm.so+0x65b9f9]
V  [libjvm.so+0x65bb02]
V  [libjvm.so+0x69d59f]
V  [libjvm.so+0x69df94]
V  [libjvm.so+0x3b72da]
V  [libjvm.so+0x68a3b3]
V  [libjvm.so+0x3fe5c0]
C  [java+0x2ace]  JavaMain+0x7e


---------------  P R O C E S S  ---------------

Java Threads: ( => current thread )

Other Threads:

=>0x0000000001ea7000 (exited) JavaThread "Unknown thread" [_thread_in_vm, id=8996, stack(0x00007f94cd4a0000,0x00007f94cd5a1000)]

VM state:not at safepoint (not fully initialized)

VM Mutex/Monitor currently owned by a thread: None

Dynamic libraries:
00400000-00409000 r-xp 00000000 08:01 3630263                            /usr/lib/jvm/java-6-openjdk/jre/bin/java
00608000-00609000 r--p 00008000 08:01 3630263                            /usr/lib/jvm/java-6-openjdk/jre/bin/java
00609000-0060a000 rw-p 00009000 08:01 3630263                            /usr/lib/jvm/java-6-openjdk/jre/bin/java
01e9e000-01ebf000 rw-p 00000000 00:00 0                                  [heap]
7f9478000000-7f947803e000 rw-p 00000000 00:00 0 
7f947803e000-7f947c000000 ---p 00000000 00:00 0 
7f947e77b000-7f947e7e0000 r--s 004cb000 08:01 4908285                    /usr/local/lib/android-sdk-linux/platforms/android-8/android.jar
7f947e7e0000-7f947e808000 rw-p 00000000 00:00 0 
7f947e808000-7f947e809000 ---p 00000000 00:00 0 
7f947e809000-7f947e909000 rw-p 00000000 00:00 0 
7f947e909000-7f947e90a000 ---p 00000000 00:00 0 
7f947e90a000-7f947ea0a000 rw-p 00000000 00:00 0 
7f947ea0a000-7f947ea0b000 ---p 00000000 00:00 0 
7f947ea0b000-7f947eb0b000 rw-p 00000000 00:00 0 
7f947eb0b000-7f947eb0c000 ---p 00000000 00:00 0 
7f947eb0c000-7f947ec17000 rw-p 00000000 00:00 0 
7f947ec17000-7f947ec60000 rw-p 00000000 00:00 0 
7f947ec60000-7f947ec75000 rw-p 00000000 00:00 0 
7f947ec75000-7f947edab000 rw-p 00000000 00:00 0 
7f947edab000-7f947edb6000 rw-p 00000000 00:00 0 
7f947edb6000-7f947edff000 rw-p 00000000 00:00 0 
7f947edff000-7f947ee14000 rw-p 00000000 00:00 0 
7f947ee14000-7f947ef49000 rw-p 00000000 00:00 0 
7f947ef49000-7f947ef54000 rw-p 00000000 00:00 0 
7f947ef54000-7f947efef000 rw-p 00000000 00:00 0 
7f947efef000-7f94804b0000 rw-p 00000000 00:00 0 
7f94804b0000-7f94897f0000 rw-p 00000000 00:00 0 
7f94897f0000-7f948c140000 rw-p 00000000 00:00 0 
7f948c140000-7f94b2d50000 rw-p 00000000 00:00 0 
7f94b2d50000-7f94b41f0000 rw-p 00000000 00:00 0 
7f94b41f0000-7f94c77f0000 rw-p 00000000 00:00 0 
7f94c77f8000-7f94c7a68000 rwxp 00000000 00:00 0 
7f94c7a68000-7f94ca7f8000 rw-p 00000000 00:00 0 
7f94ca7f8000-7f94ca7ff000 r-xp 00000000 08:01 3622747                    /usr/lib/jvm/java-6-openjdk/jre/lib/amd64/libzip.so
7f94ca7ff000-7f94ca9fe000 ---p 00007000 08:01 3622747                    /usr/lib/jvm/java-6-openjdk/jre/lib/amd64/libzip.so
7f94ca9fe000-7f94ca9ff000 r--p 00006000 08:01 3622747                    /usr/lib/jvm/java-6-openjdk/jre/lib/amd64/libzip.so
7f94ca9ff000-7f94caa00000 rw-p 00007000 08:01 3622747                    /usr/lib/jvm/java-6-openjdk/jre/lib/amd64/libzip.so
7f94caa00000-7f94caa0c000 r-xp 00000000 08:01 410589                     /lib/libnss_files-2.11.1.so
7f94caa0c000-7f94cac0b000 ---p 0000c000 08:01 410589                     /lib/libnss_files-2.11.1.so
7f94cac0b000-7f94cac0c000 r--p 0000b000 08:01 410589                     /lib/libnss_files-2.11.1.so
7f94cac0c000-7f94cac0d000 rw-p 0000c000 08:01 410589                     /lib/libnss_files-2.11.1.so
7f94cac0d000-7f94cac17000 r-xp 00000000 08:01 409949                     /lib/libnss_nis-2.11.1.so
7f94cac17000-7f94cae16000 ---p 0000a000 08:01 409949                     /lib/libnss_nis-2.11.1.so
7f94cae16000-7f94cae17000 r--p 00009000 08:01 409949                     /lib/libnss_nis-2.11.1.so
7f94cae17000-7f94cae18000 rw-p 0000a000 08:01 409949                     /lib/libnss_nis-2.11.1.so
7f94cae18000-7f94cae20000 r-xp 00000000 08:01 409948                     /lib/libnss_compat-2.11.1.so
7f94cae20000-7f94cb01f000 ---p 00008000 08:01 409948                     /lib/libnss_compat-2.11.1.so
7f94cb01f000-7f94cb020000 r--p 00007000 08:01 409948                     /lib/libnss_compat-2.11.1.so
7f94cb020000-7f94cb021000 rw-p 00008000 08:01 409948                     /lib/libnss_compat-2.11.1.so
7f94cb021000-7f94cb029000 r-xp 00000000 08:01 3630249                    /usr/lib/jvm/java-6-openjdk/jre/lib/amd64/native_threads/libhpi.so
7f94cb029000-7f94cb228000 ---p 00008000 08:01 3630249                    /usr/lib/jvm/java-6-openjdk/jre/lib/amd64/native_threads/libhpi.so
7f94cb228000-7f94cb229000 r--p 00007000 08:01 3630249                    /usr/lib/jvm/java-6-openjdk/jre/lib/amd64/native_threads/libhpi.so
7f94cb229000-7f94cb22a000 rw-p 00008000 08:01 3630249                    /usr/lib/jvm/java-6-openjdk/jre/lib/amd64/native_threads/libhpi.so
7f94cb22a000-7f94cb241000 r-xp 00000000 08:01 409938                     /lib/libnsl-2.11.1.so
7f94cb241000-7f94cb440000 ---p 00017000 08:01 409938                     /lib/libnsl-2.11.1.so
7f94cb440000-7f94cb441000 r--p 00016000 08:01 409938                     /lib/libnsl-2.11.1.so
7f94cb441000-7f94cb442000 rw-p 00017000 08:01 409938                     /lib/libnsl-2.11.1.so
7f94cb442000-7f94cb444000 rw-p 00000000 00:00 0 
7f94cb444000-7f94cb471000 r-xp 00000000 08:01 3622730                    /usr/lib/jvm/java-6-openjdk/jre/lib/amd64/libjava.so
7f94cb471000-7f94cb670000 ---p 0002d000 08:01 3622730                    /usr/lib/jvm/java-6-openjdk/jre/lib/amd64/libjava.so
7f94cb670000-7f94cb671000 r--p 0002c000 08:01 3622730                    /usr/lib/jvm/java-6-openjdk/jre/lib/amd64/libjava.so
7f94cb671000-7f94cb674000 rw-p 0002d000 08:01 3622730                    /usr/lib/jvm/java-6-openjdk/jre/lib/amd64/libjava.so
7f94cb674000-7f94cb683000 r-xp 00000000 08:01 3622746                    /usr/lib/jvm/java-6-openjdk/jre/lib/amd64/libverify.so
7f94cb683000-7f94cb882000 ---p 0000f000 08:01 3622746                    /usr/lib/jvm/java-6-openjdk/jre/lib/amd64/libverify.so
7f94cb882000-7f94cb884000 r--p 0000e000 08:01 3622746                    /usr/lib/jvm/java-6-openjdk/jre/lib/amd64/libverify.so
7f94cb884000-7f94cb885000 rw-p 00010000 08:01 3622746                    /usr/lib/jvm/java-6-openjdk/jre/lib/amd64/libverify.so
7f94cb885000-7f94cb88c000 r-xp 00000000 08:01 409943                     /lib/librt-2.11.1.so
7f94cb88c000-7f94cba8b000 ---p 00007000 08:01 409943                     /lib/librt-2.11.1.so
7f94cba8b000-7f94cba8c000 r--p 00006000 08:01 409943                     /lib/librt-2.11.1.so
7f94cba8c000-7f94cba8d000 rw-p 00007000 08:01 409943                     /lib/librt-2.11.1.so
7f94cba8d000-7f94cbb0f000 r-xp 00000000 08:01 409854                     /lib/libm-2.11.1.so
7f94cbb0f000-7f94cbd0e000 ---p 00082000 08:01 409854                     /lib/libm-2.11.1.so
7f94cbd0e000-7f94cbd0f000 r--p 00081000 08:01 409854                     /lib/libm-2.11.1.so
7f94cbd0f000-7f94cbd10000 rw-p 00082000 08:01 409854                     /lib/libm-2.11.1.so
7f94cbd10000-7f94cc52b000 r-xp 00000000 08:01 3630250                    /usr/lib/jvm/java-6-openjdk/jre/lib/amd64/server/libjvm.so
7f94cc52b000-7f94cc72a000 ---p 0081b000 08:01 3630250                    /usr/lib/jvm/java-6-openjdk/jre/lib/amd64/server/libjvm.so
7f94cc72a000-7f94cc79e000 r--p 0081a000 08:01 3630250                    /usr/lib/jvm/java-6-openjdk/jre/lib/amd64/server/libjvm.so
7f94cc79e000-7f94cc7b8000 rw-p 0088e000 08:01 3630250                    /usr/lib/jvm/java-6-openjdk/jre/lib/amd64/server/libjvm.so
7f94cc7b8000-7f94cc7f1000 rw-p 00000000 00:00 0 
7f94cc7f1000-7f94cc96b000 r-xp 00000000 08:01 410586                     /lib/libc-2.11.1.so
7f94cc96b000-7f94ccb6a000 ---p 0017a000 08:01 410586                     /lib/libc-2.11.1.so
7f94ccb6a000-7f94ccb6e000 r--p 00179000 08:01 410586                     /lib/libc-2.11.1.so
7f94ccb6e000-7f94ccb6f000 rw-p 0017d000 08:01 410586                     /lib/libc-2.11.1.so
7f94ccb6f000-7f94ccb74000 rw-p 00000000 00:00 0 
7f94ccb74000-7f94ccb76000 r-xp 00000000 08:01 410591                     /lib/libdl-2.11.1.so
7f94ccb76000-7f94ccd76000 ---p 00002000 08:01 410591                     /lib/libdl-2.11.1.so
7f94ccd76000-7f94ccd77000 r--p 00002000 08:01 410591                     /lib/libdl-2.11.1.so
7f94ccd77000-7f94ccd78000 rw-p 00003000 08:01 410591                     /lib/libdl-2.11.1.so
7f94ccd78000-7f94ccd7c000 r-xp 00000000 08:01 3622718                    /usr/lib/jvm/java-6-openjdk/jre/lib/amd64/jli/libjli.so
7f94ccd7c000-7f94ccf7b000 ---p 00004000 08:01 3622718                    /usr/lib/jvm/java-6-openjdk/jre/lib/amd64/jli/libjli.so
7f94ccf7b000-7f94ccf7c000 r--p 00003000 08:01 3622718                    /usr/lib/jvm/java-6-openjdk/jre/lib/amd64/jli/libjli.so
7f94ccf7c000-7f94ccf7d000 rw-p 00004000 08:01 3622718                    /usr/lib/jvm/java-6-openjdk/jre/lib/amd64/jli/libjli.so
7f94ccf7d000-7f94ccf95000 r-xp 00000000 08:01 410584                     /lib/libpthread-2.11.1.so
7f94ccf95000-7f94cd194000 ---p 00018000 08:01 410584                     /lib/libpthread-2.11.1.so
7f94cd194000-7f94cd195000 r--p 00017000 08:01 410584                     /lib/libpthread-2.11.1.so
7f94cd195000-7f94cd196000 rw-p 00018000 08:01 410584                     /lib/libpthread-2.11.1.so
7f94cd196000-7f94cd19a000 rw-p 00000000 00:00 0 
7f94cd19a000-7f94cd1b0000 r-xp 00000000 08:01 411842                     /lib/libz.so.1.2.3.3
7f94cd1b0000-7f94cd3af000 ---p 00016000 08:01 411842                     /lib/libz.so.1.2.3.3
7f94cd3af000-7f94cd3b0000 r--p 00015000 08:01 411842                     /lib/libz.so.1.2.3.3
7f94cd3b0000-7f94cd3b1000 rw-p 00016000 08:01 411842                     /lib/libz.so.1.2.3.3
7f94cd3b1000-7f94cd3d1000 r-xp 00000000 08:01 409939                     /lib/ld-2.11.1.so
7f94cd3e0000-7f94cd3ea000 rw-p 00000000 00:00 0 
7f94cd3ea000-7f94cd4a0000 rw-p 00000000 00:00 0 
7f94cd4a0000-7f94cd4a3000 ---p 00000000 00:00 0 
7f94cd4a3000-7f94cd5a6000 rw-p 00000000 00:00 0 
7f94cd5c4000-7f94cd5cc000 rw-s 00000000 08:01 1081577                    /tmp/hsperfdata_acsia/8995
7f94cd5cc000-7f94cd5cd000 rw-p 00000000 00:00 0 
7f94cd5cd000-7f94cd5ce000 r--p 00000000 00:00 0 
7f94cd5ce000-7f94cd5d0000 rw-p 00000000 00:00 0 
7f94cd5d0000-7f94cd5d1000 r--p 0001f000 08:01 409939                     /lib/ld-2.11.1.so
7f94cd5d1000-7f94cd5d2000 rw-p 00020000 08:01 409939                     /lib/ld-2.11.1.so
7f94cd5d2000-7f94cd5d3000 rw-p 00000000 00:00 0 
7fff0c62a000-7fff0c63f000 rw-p 00000000 00:00 0                          [stack]
7fff0c70a000-7fff0c70b000 r-xp 00000000 00:00 0                          [vdso]
ffffffffff600000-ffffffffff601000 r-xp 00000000 00:00 0                  [vsyscall]

VM Arguments:
jvm_args: -Dfile.encoding=UTF-8 -Xbootclasspath:/opt/android/platforms/android-8/android.jar:/opt/android/add-ons/addon_google_apis_google_inc_8/libs/maps.jar 
java_command: org.eclipse.jdt.internal.junit.runner.RemoteTestRunner -version 3 -port 47750 -testLoaderClass org.eclipse.jdt.internal.junit.runner.junit3.JUnit3TestLoader -loaderpluginname org.eclipse.jdt.junit.runtime -classNames novoda.lib.sqliteprovider.provider.MyTestCas3e
Launcher Type: SUN_STANDARD

Environment Variables:
JAVA_HOME=/usr/lib/jvm/java-6-sun
PATH=/home/acsia/bin:/usr/local/sbin:/usr/local/bin:/usr/sbin:/usr/bin:/sbin:/bin:/usr/games
USERNAME=acsia
LD_LIBRARY_PATH=/usr/lib/jvm/java-6-openjdk/jre/lib/amd64/server:/usr/lib/jvm/java-6-openjdk/jre/lib/amd64:/usr/lib/jvm/java-6-openjdk/jre/../lib/amd64:/usr/lib64/xulrunner-addons
SHELL=/bin/bash
DISPLAY=:0.0

Signal Handlers:
SIGSEGV: [libjvm.so+0x6c2030], sa_mask[0]=0x7ffbfeff, sa_flags=0x10000004
SIGBUS: [libjvm.so+0x6c2030], sa_mask[0]=0x7ffbfeff, sa_flags=0x10000004
SIGFPE: [libjvm.so+0x58ca90], sa_mask[0]=0x7ffbfeff, sa_flags=0x10000004
SIGPIPE: [libjvm.so+0x58ca90], sa_mask[0]=0x7ffbfeff, sa_flags=0x10000004
SIGXFSZ: [libjvm.so+0x58ca90], sa_mask[0]=0x7ffbfeff, sa_flags=0x10000004
SIGILL: [libjvm.so+0x58ca90], sa_mask[0]=0x7ffbfeff, sa_flags=0x10000004
SIGUSR1: SIG_DFL, sa_mask[0]=0x00000000, sa_flags=0x00000000
SIGUSR2: [libjvm.so+0x58c1e0], sa_mask[0]=0x00000004, sa_flags=0x10000004
SIGHUP: SIG_DFL, sa_mask[0]=0x00000000, sa_flags=0x00000000
SIGINT: SIG_DFL, sa_mask[0]=0x00000000, sa_flags=0x00000000
SIGTERM: SIG_DFL, sa_mask[0]=0x00000000, sa_flags=0x00000000
SIGQUIT: SIG_DFL, sa_mask[0]=0x00000000, sa_flags=0x00000000


---------------  S Y S T E M  ---------------

OS:Ubuntu 10.04 (lucid)
uname:Linux 2.6.32-26-generic #47-Ubuntu SMP Wed Nov 17 15:58:05 UTC 2010 x86_64
libc:glibc 2.11.1 NPTL 2.11.1 
rlimit: STACK 8192k, CORE 0k, NPROC infinity, NOFILE 1024, AS infinity
load average:1.12 1.09 1.01

CPU:total 4 (4 cores per cpu, 1 threads per core) family 6 model 15 stepping 11, cmov, cx8, fxsr, mmx, sse, sse2, sse3, ssse3

Memory: 4k page, physical 4057708k(201900k free), swap 4915848k(4446356k free)

vm_info: OpenJDK 64-Bit Server VM (16.0-b13) for linux-amd64 JRE (1.6.0_18-b18), built on Oct 25 2010 18:07:10 by "buildd" with gcc 4.4.3

time: Thu Nov 25 17:03:15 2010
elapsed time: 0 seconds

